{
  "RSpec": {
    "coverage": {
      "/Users/admin/Documents/Deck/makers-academy/june/rob_airport/spec/airport_spec.rb": [
        1,
        null,
        null,
        null,
        null,
        null,
        null,
        null,
        null,
        null,
        null,
        null,
        null,
        1,
        null,
        9,
        null,
        1,
        1,
        null,
        null,
        1,
        null,
        1,
        4,
        null,
        null,
        1,
        1,
        null,
        null,
        1,
        1,
        1,
        1,
        null,
        null,
        null,
        1,
        null,
        1,
        2,
        null,
        1,
        null,
        null,
        1,
        null,
        null,
        1,
        2,
        null,
        1,
        null,
        1,
        null,
        null,
        null,
        1,
        null,
        1,
        null,
        1,
        21,
        null,
        21,
        null,
        2,
        null,
        null,
        null,
        null,
        null,
        null,
        null,
        null,
        null,
        null,
        null,
        null,
        null,
        1,
        1,
        2,
        1,
        2,
        2,
        null,
        null,
        1,
        2,
        1,
        2,
        2,
        1,
        null,
        null,
        1,
        2,
        2,
        null,
        null,
        1,
        2,
        2,
        1,
        null,
        null,
        null,
        null
      ],
      "/Users/admin/Documents/Deck/makers-academy/june/rob_airport/lib/airport.rb": [
        1,
        null,
        1,
        null,
        1,
        null,
        1,
        1,
        null,
        1,
        10,
        10,
        null,
        null,
        1,
        28,
        27,
        25,
        25,
        null,
        null,
        1,
        3,
        1,
        1,
        null,
        null,
        1,
        0,
        null,
        null,
        1,
        29,
        null,
        null
      ],
      "/Users/admin/Documents/Deck/makers-academy/june/rob_airport/lib/plane.rb": [
        1,
        1,
        null,
        1,
        6,
        null,
        null,
        1,
        2,
        null,
        null,
        1,
        2,
        null,
        null,
        1,
        3,
        null,
        null,
        1,
        3,
        null,
        null,
        null
      ],
      "/Users/admin/Documents/Deck/makers-academy/june/rob_airport/spec/plane_spec.rb": [
        1,
        null,
        null,
        null,
        null,
        null,
        null,
        null,
        null,
        null,
        null,
        null,
        null,
        null,
        null,
        null,
        1,
        null,
        1,
        1,
        null,
        null,
        1,
        1,
        null,
        null,
        1,
        1,
        1,
        null,
        null,
        1,
        1,
        1,
        null,
        null,
        1,
        null,
        1,
        1,
        1,
        null,
        null,
        1,
        1,
        1,
        null,
        null,
        null
      ]
    },
    "timestamp": 1434539163
  }
}
